[35mhello-world:build[0m: cache hit, replaying output [2m37cd79c9382cb8ff[0m
[35mhello-world:build: [0m$ shopify hydrogen build
[35mhello-world:build: [0m[STARTED] Building client code
[35mhello-world:build: [0mvite v2.9.13 building for production...
[35mhello-world:build: [0mtransforming...
[35mhello-world:build: [0m✓ 73 modules transformed.
[35mhello-world:build: [0mrendering chunks...
[35mhello-world:build: [0mdist/client/index.html                 0.46 KiB
[35mhello-world:build: [0mdist/client/manifest.json              6.81 KiB
[35mhello-world:build: [0mdist/client/assets/a0f4358d.js         0.33 KiB / gzip: 0.21 KiB
[35mhello-world:build: [0mdist/client/assets/a0f4358d.js.map     1.02 KiB
[35mhello-world:build: [0mdist/client/assets/a7250114.js         0.20 KiB / gzip: 0.17 KiB
[35mhello-world:build: [0mdist/client/assets/a7250114.js.map     0.58 KiB
[35mhello-world:build: [0mdist/client/assets/56940fee.js         0.11 KiB / gzip: 0.12 KiB
[35mhello-world:build: [0mdist/client/assets/56940fee.js.map     0.36 KiB
[35mhello-world:build: [0mdist/client/assets/da67675d.js         0.30 KiB / gzip: 0.23 KiB
[35mhello-world:build: [0mdist/client/assets/da67675d.js.map     0.83 KiB
[35mhello-world:build: [0mdist/client/assets/38e6881a.js         0.14 KiB / gzip: 0.15 KiB
[35mhello-world:build: [0mdist/client/assets/38e6881a.js.map     0.61 KiB
[35mhello-world:build: [0mdist/client/assets/99fd6b7e.js         0.73 KiB / gzip: 0.45 KiB
[35mhello-world:build: [0mdist/client/assets/99fd6b7e.js.map     2.89 KiB
[35mhello-world:build: [0mdist/client/assets/e28ce09f.js         3.62 KiB / gzip: 1.84 KiB
[35mhello-world:build: [0mdist/client/assets/e28ce09f.js.map     13.67 KiB
[35mhello-world:build: [0mdist/client/assets/6de6ee18.js         0.89 KiB / gzip: 0.49 KiB
[35mhello-world:build: [0mdist/client/assets/6de6ee18.js.map     2.36 KiB
[35mhello-world:build: [0mdist/client/assets/5c3d813b.js         0.37 KiB / gzip: 0.27 KiB
[35mhello-world:build: [0mdist/client/assets/5c3d813b.js.map     1.03 KiB
[35mhello-world:build: [0mdist/client/assets/245e12f2.js         4.36 KiB / gzip: 1.95 KiB
[35mhello-world:build: [0mdist/client/assets/245e12f2.js.map     39.50 KiB
[35mhello-world:build: [0mdist/client/assets/23342158.js         0.68 KiB / gzip: 0.39 KiB
[35mhello-world:build: [0mdist/client/assets/23342158.js.map     1.99 KiB
[35mhello-world:build: [0mdist/client/assets/bf7acac4.js         0.52 KiB / gzip: 0.33 KiB
[35mhello-world:build: [0mdist/client/assets/bf7acac4.js.map     1.88 KiB
[35mhello-world:build: [0mdist/client/assets/d21251c2.js         0.34 KiB / gzip: 0.27 KiB
[35mhello-world:build: [0mdist/client/assets/d21251c2.js.map     1.17 KiB
[35mhello-world:build: [0mdist/client/assets/0a62ce89.js         4.27 KiB / gzip: 1.93 KiB
[35mhello-world:build: [0mdist/client/assets/0a62ce89.js.map     11.77 KiB
[35mhello-world:build: [0mdist/client/assets/286f69c0.js         4.39 KiB / gzip: 1.55 KiB
[35mhello-world:build: [0mdist/client/assets/286f69c0.js.map     14.38 KiB
[35mhello-world:build: [0mdist/client/assets/index.95632839.js   151.90 KiB / gzip: 49.76 KiB
[35mhello-world:build: [0mdist/client/assets/index.95632839.js.map 364.69 KiB
[35mhello-world:build: [0m[TITLE] Built client code
[35mhello-world:build: [0m[SUCCESS] Built client code
[35mhello-world:build: [0m[STARTED] Building worker code
[35mhello-world:build: [0mvite v2.9.13 building SSR bundle for production...
[35mhello-world:build: [0mtransforming...
[35mhello-world:build: [0m✓ 443 modules transformed.
[35mhello-world:build: [0mrendering chunks...
[35mhello-world:build: [0mdist/worker/index.js   152.73 KiB
[35mhello-world:build: [0mdist/worker/index.js.map 515.70 KiB
[35mhello-world:build: [0m[TITLE] Built worker code
[35mhello-world:build: [0m[SUCCESS] Built worker code
